
************** Start Artifactory Diagnostics *******************


[WARN ] Error while initializing File resolver : Config file does not exists : /root/.jfrog/artifactory/var/etc/system.yaml
[INFO ] Router external port (8082) is open
[INFO ] Router internal port (8046) is open
[INFO ] Router traefik port (8049) is open
[INFO ] Router grpc port (8047) is open
[INFO ] Artifactory port (8081) is open
[INFO ] Access port (8040) is open
[INFO ] Access grpc port (8045) is open
[INFO ] Metadata Port (8086) is open
[INFO ] Frontend Port (8070) is open
[INFO ] Ulimit level for processes is satisfactory--no change required
ulimit value(1024) is below expected value(32000)
[ERROR] Ulimit level for open files is less than the recommended minimum 32000
[INFO ] Router external port (8082) is not blocked by firewall
[INFO ] Router internal port 8046 is not blocked by firewall
[INFO ] Router traefik port (8049) is not blocked by firewall
[INFO ] Router grpc port (8047) is not blocked by firewall
[INFO ] Artifactory port (8081) is not blocked by firewall
[INFO ] Access port (8040) is not blocked by firewall
[INFO ] Access grpc port (8045) is not blocked by firewall
[INFO ] Metadata Port (8086) is not blocked by firewall
[INFO ] Frontend Port (8070) is not blocked by firewall
[INFO ] Router external port (8082) is not blocked by iptables
[INFO ] Router internal port (8046) is not blocked by iptables
[INFO ] Router traefik port (8049) is not blocked by iptables
[INFO ] Router grpc port (8047) is not blocked by iptables
[INFO ] Artifactory port (8081) is not blocked by iptables
[INFO ] Access port (8040) is not blocked by iptables
[INFO ] Access grpc port (8045) is not blocked by iptables
[INFO ] Metadata Port (8086) is not blocked by iptables
[INFO ] Frontend Port (8070) is not blocked by iptables
[INFO ] Router external port (8082) is not blocked by ip6tables
[INFO ] Router internal port (8046) is not blocked by ip6tables
[INFO ] Router traefik port (8049) is not blocked by ip6tables
[INFO ] Router grpc port (8047) is not blocked by ip6tables
[INFO ] Artifactory port (8081) is not blocked by ip6tables
[INFO ] Access port (8040) is not blocked by ip6tables
[INFO ] Access grpc port (8045) is not blocked by ip6tables
[INFO ] Metadata Port (8086) is not blocked by ip6tables
[INFO ] Frontend Port (8070) is not blocked by ip6tables
[INFO ] Ping to localhost successful
[INFO ] Environment variable HTTP_PROXY is not set
[INFO ] Environment variable HTTPS_PROXY is not set
[INFO ] Environment variable NO_PROXY is not set
[INFO ] Environment variable ALL_PROXY is not set


************** END Artifactory Diagnostics *******************

